/*C3*/SET SCHEMA PUBLIC
DROP TABLE burgemeestertable IF EXISTS
CREATE TABLE burgemeestertable (id INTEGER NOT NULL IDENTITY, naam VARCHAR(50) NOT NULL, geboortedatum DATE NOT NULL, gemeente VARCHAR(50) NOT NULL, procentVoorkeursstemmen DOUBLE NOT NULL, termijnen TINYINT NOT NULL, partij VARCHAR(50) NOT NULL)
INSERT INTO BURGEMEESTERTABLE VALUES(0,'Van den Sande Joppe','1997-06-20','Heist-op-den-Berg',0.295E0,0,'CDENV')
COMMIT
INSERT INTO BURGEMEESTERTABLE VALUES(1,'Louis Tobback','1938-05-03','Leuven',0.314E0,4,'SPA')
COMMIT
INSERT INTO BURGEMEESTERTABLE VALUES(2,'De Wever Bart','1970-12-21','Antwerpen',0.377E0,1,'NVA')
COMMIT
INSERT INTO BURGEMEESTERTABLE VALUES(3,'Peeters Jan','1963-01-12','Herentals',0.253E0,3,'SPA')
COMMIT
INSERT INTO BURGEMEESTERTABLE VALUES(4,'Claes Hilde','1967-10-27','Hasselt',0.33E0,2,'LOKAAL')
COMMIT
INSERT INTO BURGEMEESTERTABLE VALUES(5,'Heremans Patrick','1964-07-26','Herenthout',0.332E0,1,'LOKAAL')
COMMIT
INSERT INTO BURGEMEESTERTABLE VALUES(6,'Somers Bart','1964-05-12','Mechelen',0.339E0,3,'OPENVLD')
COMMIT
INSERT INTO BURGEMEESTERTABLE VALUES(7,'Celis Vera','1959-08-06','Geel',0.366E0,1,'NVA')
COMMIT
INSERT INTO BURGEMEESTERTABLE VALUES(8,'Rombouts Tinne','1979-09-29','Hoogstraten',0.321E0,1,'CDENV')
COMMIT
INSERT INTO BURGEMEESTERTABLE VALUES(9,'Van de Vyver Andre','1949-08-01','Zwijndrecht',0.314E0,1,'GROEN')
COMMIT
INSERT INTO BURGEMEESTERTABLE VALUES(10,'De Wispelaere Chris','1947-07-15','Lovendegem',0.386E0,4,'CDENV')
COMMIT
INSERT INTO BURGEMEESTERTABLE VALUES(11,'Van Quickenborne Vincent','1973-08-01','Kortrijk',0.33E0,1,'OPENVLD')
COMMIT
INSERT INTO BURGEMEESTERTABLE VALUES(12,'Gielis Tine','1967-08-16','Laakdal',0.35E0,2,'CDENV')
COMMIT
INSERT INTO BURGEMEESTERTABLE VALUES(13,'Boogaerts Frank','1944-11-16','Lier',0.32E0,1,'NVA')
COMMIT
INSERT INTO BURGEMEESTERTABLE VALUES(14,'Horemans Walter','1961-03-15','Berlaar',0.489E0,2,'CDENV')
COMMIT
DELETE FROM BURGEMEESTERTABLE WHERE ID=0
INSERT INTO BURGEMEESTERTABLE VALUES(0,'Vermeulen Joske','1997-06-20','Heist-op-den-Berg',0.295E0,0,'CDENV')
COMMIT
DELETE FROM BURGEMEESTERTABLE WHERE ID=0
COMMIT
DISCONNECT
